# JRE version: Java(TM) SE Runtime Environment (8.0_241-b07) (build 1.8.0_241-b07)
# Java VM: Java HotSpot(TM) 64-Bit Server VM (25.241-b07 mixed mode windows-amd64 compressed oops)
Heap:
 PSYoungGen      total 478720K, used 91606K [0x00000000dd580000, 0x0000000100000000, 0x0000000100000000)
  eden space 410112K, 5% used [0x00000000dd580000,0x00000000ded82ec0,0x00000000f6600000)
  from space 68608K, 97% used [0x00000000fbc80000,0x00000000ffdf2968,0x00000000fff80000)
  to   space 78848K, 0% used [0x00000000f6600000,0x00000000f6600000,0x00000000fb300000)
 ParOldGen       total 169472K, used 102141K [0x0000000098000000, 0x00000000a2580000, 0x00000000dd580000)
  object space 169472K, 60% used [0x0000000098000000,0x000000009e3bf440,0x00000000a2580000)
 Metaspace       used 27233K, capacity 28482K, committed 28592K, reserved 1075200K
  class space    used 3669K, capacity 3957K, committed 4016K, reserved 1048576K
GC Heap History (10 events):
Event: 48.787 GC heap before
{Heap before GC invocations=15 (full 3):
 PSYoungGen      total 443392K, used 32242K [0x00000000dd580000, 0x0000000100000000, 0x0000000100000000)
  eden space 411136K, 0% used [0x00000000dd580000,0x00000000dd580000,0x00000000f6700000)
  from space 32256K, 99% used [0x00000000fa600000,0x00000000fc57ca60,0x00000000fc580000)
  to   space 64512K, 0% used [0x00000000f6700000,0x00000000f6700000,0x00000000fa600000)
 ParOldGen       total 106496K, used 96937K [0x0000000098000000, 0x000000009e800000, 0x00000000dd580000)
  object space 106496K, 91% used [0x0000000098000000,0x000000009deaa510,0x000000009e800000)
 Metaspace       used 25213K, capacity 26418K, committed 26544K, reserved 1073152K
  class space    used 3389K, capacity 3671K, committed 3760K, reserved 1048576K
Event: 51.940 GC heap after
Heap after GC invocations=15 (full 3):
 PSYoungGen      total 443392K, used 0K [0x00000000dd580000, 0x0000000100000000, 0x0000000100000000)
  eden space 411136K, 0% used [0x00000000dd580000,0x00000000dd580000,0x00000000f6700000)
  from space 32256K, 0% used [0x00000000fa600000,0x00000000fa600000,0x00000000fc580000)
  to   space 64512K, 0% used [0x00000000f6700000,0x00000000f6700000,0x00000000fa600000)
 ParOldGen       total 169472K, used 87812K [0x0000000098000000, 0x00000000a2580000, 0x00000000dd580000)
  object space 169472K, 51% used [0x0000000098000000,0x000000009d5c10a8,0x00000000a2580000)
 Metaspace       used 25213K, capacity 26418K, committed 26544K, reserved 1073152K
  class space    used 3389K, capacity 3671K, committed 3760K, reserved 1048576K
}
Event: 56.896 GC heap before
{Heap before GC invocations=16 (full 3):
 PSYoungGen      total 443392K, used 411136K [0x00000000dd580000, 0x0000000100000000, 0x0000000100000000)
  eden space 411136K, 100% used [0x00000000dd580000,0x00000000f6700000,0x00000000f6700000)
  from space 32256K, 0% used [0x00000000fa600000,0x00000000fa600000,0x00000000fc580000)
  to   space 64512K, 0% used [0x00000000f6700000,0x00000000f6700000,0x00000000fa600000)
 ParOldGen       total 169472K, used 87812K [0x0000000098000000, 0x00000000a2580000, 0x00000000dd580000)
  object space 169472K, 51% used [0x0000000098000000,0x000000009d5c10a8,0x00000000a2580000)
 Metaspace       used 25380K, capacity 26552K, committed 26800K, reserved 1073152K
  class space    used 3413K, capacity 3672K, committed 3760K, reserved 1048576K
Event: 57.002 GC heap after
Heap after GC invocations=16 (full 3):
 PSYoungGen      total 475648K, used 45463K [0x00000000dd580000, 0x0000000100000000, 0x0000000100000000)
  eden space 411136K, 0% used [0x00000000dd580000,0x00000000dd580000,0x00000000f6700000)
  from space 64512K, 70% used [0x00000000f6700000,0x00000000f9365c60,0x00000000fa600000)
  to   space 68608K, 0% used [0x00000000fbd00000,0x00000000fbd00000,0x0000000100000000)
 ParOldGen       total 169472K, used 87812K [0x0000000098000000, 0x00000000a2580000, 0x00000000dd580000)
  object space 169472K, 51% used [0x0000000098000000,0x000000009d5c10a8,0x00000000a2580000)
 Metaspace       used 25380K, capacity 26552K, committed 26800K, reserved 1073152K
  class space    used 3413K, capacity 3672K, committed 3760K, reserved 1048576K
}
Event: 61.558 GC heap before
{Heap before GC invocations=17 (full 3):
 PSYoungGen      total 475648K, used 456599K [0x00000000dd580000, 0x0000000100000000, 0x0000000100000000)
  eden space 411136K, 100% used [0x00000000dd580000,0x00000000f6700000,0x00000000f6700000)
  from space 64512K, 70% used [0x00000000f6700000,0x00000000f9365c60,0x00000000fa600000)
  to   space 68608K, 0% used [0x00000000fbd00000,0x00000000fbd00000,0x0000000100000000)
 ParOldGen       total 169472K, used 87812K [0x0000000098000000, 0x00000000a2580000, 0x00000000dd580000)
  object space 169472K, 51% used [0x0000000098000000,0x000000009d5c10a8,0x00000000a2580000)
 Metaspace       used 25538K, capacity 26654K, committed 26800K, reserved 1073152K
  class space    used 3444K, capacity 3705K, committed 3760K, reserved 1048576K
Event: 61.711 GC heap after
Heap after GC invocations=17 (full 3):
 PSYoungGen      total 498176K, used 38307K [0x00000000dd580000, 0x0000000100000000, 0x0000000100000000)
  eden space 429568K, 0% used [0x00000000dd580000,0x00000000dd580000,0x00000000f7900000)
  from space 68608K, 55% used [0x00000000fbd00000,0x00000000fe268c68,0x0000000100000000)
  to   space 69120K, 0% used [0x00000000f7900000,0x00000000f7900000,0x00000000fbc80000)
 ParOldGen       total 169472K, used 92092K [0x0000000098000000, 0x00000000a2580000, 0x00000000dd580000)
  object space 169472K, 54% used [0x0000000098000000,0x000000009d9ef0a8,0x00000000a2580000)
 Metaspace       used 25538K, capacity 26654K, committed 26800K, reserved 1073152K
  class space    used 3444K, capacity 3705K, committed 3760K, reserved 1048576K
}
Event: 69.587 GC heap before
{Heap before GC invocations=18 (full 3):
 PSYoungGen      total 498176K, used 467875K [0x00000000dd580000, 0x0000000100000000, 0x0000000100000000)
  eden space 429568K, 100% used [0x00000000dd580000,0x00000000f7900000,0x00000000f7900000)
  from space 68608K, 55% used [0x00000000fbd00000,0x00000000fe268c68,0x0000000100000000)
  to   space 69120K, 0% used [0x00000000f7900000,0x00000000f7900000,0x00000000fbc80000)
 ParOldGen       total 169472K, used 92092K [0x0000000098000000, 0x00000000a2580000, 0x00000000dd580000)
  object space 169472K, 54% used [0x0000000098000000,0x000000009d9ef0a8,0x00000000a2580000)
 Metaspace       used 25578K, capacity 26718K, committed 26800K, reserved 1073152K
  class space    used 3456K, capacity 3705K, committed 3760K, reserved 1048576K
Event: 70.167 GC heap after
Heap after GC invocations=18 (full 3):
 PSYoungGen      total 498688K, used 37190K [0x00000000dd580000, 0x00000000fff80000, 0x0000000100000000)
  eden space 429568K, 0% used [0x00000000dd580000,0x00000000dd580000,0x00000000f7900000)
  from space 69120K, 53% used [0x00000000f7900000,0x00000000f9d51ba8,0x00000000fbc80000)
  to   space 68608K, 0% used [0x00000000fbc80000,0x00000000fbc80000,0x00000000fff80000)
 ParOldGen       total 169472K, used 96028K [0x0000000098000000, 0x00000000a2580000, 0x00000000dd580000)
  object space 169472K, 56% used [0x0000000098000000,0x000000009ddc70a8,0x00000000a2580000)
 Metaspace       used 25578K, capacity 26718K, committed 26800K, reserved 1073152K
  class space    used 3456K, capacity 3705K, committed 3760K, reserved 1048576K
}
Event: 78.439 GC heap before
{Heap before GC invocations=19 (full 3):
 PSYoungGen      total 498688K, used 466758K [0x00000000dd580000, 0x00000000fff80000, 0x0000000100000000)
  eden space 429568K, 100% used [0x00000000dd580000,0x00000000f7900000,0x00000000f7900000)
  from space 69120K, 53% used [0x00000000f7900000,0x00000000f9d51ba8,0x00000000fbc80000)
  to   space 68608K, 0% used [0x00000000fbc80000,0x00000000fbc80000,0x00000000fff80000)
 ParOldGen       total 169472K, used 96028K [0x0000000098000000, 0x00000000a2580000, 0x00000000dd580000)
  object space 169472K, 56% used [0x0000000098000000,0x000000009ddc70a8,0x00000000a2580000)
 Metaspace       used 26852K, capacity 28082K, committed 28336K, reserved 1073152K
  class space    used 3622K, capacity 3915K, committed 4016K, reserved 1048576K
Event: 78.818 GC heap after
Heap after GC invocations=19 (full 3):
 PSYoungGen      total 478720K, used 67018K [0x00000000dd580000, 0x0000000100000000, 0x0000000100000000)
  eden space 410112K, 0% used [0x00000000dd580000,0x00000000dd580000,0x00000000f6600000)
  from space 68608K, 97% used [0x00000000fbc80000,0x00000000ffdf2968,0x00000000fff80000)
  to   space 78848K, 0% used [0x00000000f6600000,0x00000000f6600000,0x00000000fb300000)
 ParOldGen       total 169472K, used 102141K [0x0000000098000000, 0x00000000a2580000, 0x00000000dd580000)
  object space 169472K, 60% used [0x0000000098000000,0x000000009e3bf440,0x00000000a2580000)
 Metaspace       used 26852K, capacity 28082K, committed 28336K, reserved 1073152K
  class space    used 3622K, capacity 3915K, committed 4016K, reserved 1048576K
}

